<?xml version="1.0" encoding="UTF-8"?>
<!-- Generated by org.testng.reporters.JUnitXMLReporter -->
<testsuite ignored="0" hostname="LAPTOP-G3985CDU" failures="0" tests="4" name="Test" time="38.619" errors="0" timestamp="2022-10-21T14:17:34 IST">
  <testcase classname="Test.TestYourAccountandOrders" name="verifyYourAccount" time="2.825"/>
  <testcase classname="Test.TestYourAccountandOrders" name="verifyYourOrders" time="4.083"/>
  <testcase classname="Test.TestCart" name="AddtoCart" time="16.225"/>
  <testcase classname="Test.TestCart" name="RemoveFromCart" time="2.32"/>
</testsuite> <!-- Test -->
