<?xml version="1.0" encoding="UTF-8"?>
<!-- Generated by org.testng.reporters.JUnitXMLReporter -->
<testsuite ignored="0" hostname="LAPTOP-G3985CDU" failures="0" tests="4" name="ChromeTest" time="41.992" errors="0" timestamp="2023-01-10T23:16:19 IST">
  <testcase classname="Test.TestYourAccountandOrders" name="verifyYourAccount" time="3.276"/>
  <testcase classname="Test.TestYourAccountandOrders" name="verifyYourOrders" time="6.118"/>
  <testcase classname="Test.TestCart" name="AddtoCart" time="23.328"/>
  <testcase classname="Test.TestCart" name="RemoveFromCart" time="3.919"/>
</testsuite> <!-- ChromeTest -->
