<?xml version="1.0" encoding="UTF-8"?>
<!-- Generated by org.testng.reporters.JUnitXMLReporter -->
<testsuite ignored="0" hostname="LAPTOP-G3985CDU" failures="0" tests="4" name="ChromeTest" time="48.663" errors="0" timestamp="2022-11-28T13:26:39 IST">
  <testcase classname="Test.TestYourAccountandOrders" name="verifyYourAccount" time="3.256"/>
  <testcase classname="Test.TestYourAccountandOrders" name="verifyYourOrders" time="4.377"/>
  <testcase classname="Test.TestCart" name="AddtoCart" time="18.957"/>
  <testcase classname="Test.TestCart" name="RemoveFromCart" time="2.309"/>
</testsuite> <!-- ChromeTest -->
