<?xml version="1.0" encoding="UTF-8"?>
<!-- Generated by org.testng.reporters.JUnitXMLReporter -->
<testsuite ignored="0" hostname="LAPTOP-G3985CDU" failures="0" tests="4" name="EdgeTest" time="34.732" errors="0" timestamp="2022-11-28T13:27:13 IST">
  <testcase classname="Test.TestYourAccountandOrders" name="verifyYourAccount" time="3.527"/>
  <testcase classname="Test.TestYourAccountandOrders" name="verifyYourOrders" time="4.51"/>
  <testcase classname="Test.TestCart" name="AddtoCart" time="18.47"/>
  <testcase classname="Test.TestCart" name="RemoveFromCart" time="2.501"/>
</testsuite> <!-- EdgeTest -->
