<?xml version="1.0" encoding="UTF-8"?>
<!-- Generated by org.testng.reporters.JUnitXMLReporter -->
<testsuite ignored="0" hostname="LAPTOP-G3985CDU" failures="0" tests="4" name="EdgeTest" time="45.633" errors="0" timestamp="2023-01-10T23:17:05 IST">
  <testcase classname="Test.TestYourAccountandOrders" name="verifyYourAccount" time="3.343"/>
  <testcase classname="Test.TestYourAccountandOrders" name="verifyYourOrders" time="5.115"/>
  <testcase classname="Test.TestCart" name="AddtoCart" time="23.175"/>
  <testcase classname="Test.TestCart" name="RemoveFromCart" time="3.08"/>
</testsuite> <!-- EdgeTest -->
