<?xml version="1.0" encoding="UTF-8"?>
<testng-results ignored="0" total="8" passed="8" failed="0" skipped="0">
  <reporter-output>
  </reporter-output>
  <suite started-at="2023-01-10T23:15:37 IST" name="AmazonRegression" finished-at="2023-01-10T23:17:05 IST" duration-ms="87671">
    <groups>
    </groups>
    <test started-at="2023-01-10T23:15:37 IST" name="ChromeTest" finished-at="2023-01-10T23:16:19 IST" duration-ms="41992">
      <class name="Test.TestYourAccountandOrders">
        <test-method is-config="true" signature="launchBrowser(java.lang.String)[pri:0, instance:Test.TestYourAccountandOrders@6e171cd7]" started-at="2023-01-10T23:15:38 IST" name="launchBrowser" finished-at="2023-01-10T23:15:39 IST" duration-ms="913" status="PASS">
          <params>
            <param index="0">
              <value>
                <![CDATA[Chrome]]>
              </value>
            </param>
          </params>
          <reporter-output>
          </reporter-output>
        </test-method> <!-- launchBrowser -->
        <test-method is-config="true" signature="createPOMObjects()[pri:0, instance:Test.TestYourAccountandOrders@6e171cd7]" started-at="2023-01-10T23:15:39 IST" name="createPOMObjects" finished-at="2023-01-10T23:15:39 IST" duration-ms="50" status="PASS">
          <reporter-output>
          </reporter-output>
        </test-method> <!-- createPOMObjects -->
        <test-method is-config="true" signature="openAmazonURL()[pri:0, instance:Test.TestYourAccountandOrders@6e171cd7]" started-at="2023-01-10T23:15:39 IST" name="openAmazonURL" finished-at="2023-01-10T23:15:44 IST" duration-ms="5228" status="PASS">
          <reporter-output>
          </reporter-output>
        </test-method> <!-- openAmazonURL -->
        <test-method signature="verifyYourAccount()[pri:1, instance:Test.TestYourAccountandOrders@6e171cd7]" started-at="2023-01-10T23:15:44 IST" name="verifyYourAccount" finished-at="2023-01-10T23:15:48 IST" duration-ms="3276" status="PASS">
          <reporter-output>
          </reporter-output>
        </test-method> <!-- verifyYourAccount -->
        <test-method is-config="true" signature="screenShot(org.testng.ITestResult)[pri:0, instance:Test.TestYourAccountandOrders@6e171cd7]" started-at="2023-01-10T23:15:48 IST" name="screenShot" finished-at="2023-01-10T23:15:48 IST" duration-ms="3" status="PASS">
          <params>
            <param index="0">
              <value>
                <![CDATA[[TestResult name=verifyYourAccount status=SUCCESS method=TestYourAccountandOrders.verifyYourAccount()[pri:1, instance:Test.TestYourAccountandOrders@6e171cd7] output={null}]]]>
              </value>
            </param>
          </params>
          <reporter-output>
          </reporter-output>
        </test-method> <!-- screenShot -->
        <test-method is-config="true" signature="openAmazonURL()[pri:0, instance:Test.TestYourAccountandOrders@6e171cd7]" started-at="2023-01-10T23:15:48 IST" name="openAmazonURL" finished-at="2023-01-10T23:15:50 IST" duration-ms="2664" status="PASS">
          <reporter-output>
          </reporter-output>
        </test-method> <!-- openAmazonURL -->
        <test-method signature="verifyYourOrders()[pri:2, instance:Test.TestYourAccountandOrders@6e171cd7]" started-at="2023-01-10T23:15:50 IST" name="verifyYourOrders" finished-at="2023-01-10T23:15:57 IST" duration-ms="6118" status="PASS">
          <reporter-output>
          </reporter-output>
        </test-method> <!-- verifyYourOrders -->
        <test-method is-config="true" signature="clearObject()[pri:0, instance:Test.TestYourAccountandOrders@6e171cd7]" started-at="2023-01-10T23:15:57 IST" name="clearObject" finished-at="2023-01-10T23:15:57 IST" duration-ms="2" status="PASS">
          <reporter-output>
          </reporter-output>
        </test-method> <!-- clearObject -->
        <test-method is-config="true" signature="screenShot(org.testng.ITestResult)[pri:0, instance:Test.TestYourAccountandOrders@6e171cd7]" started-at="2023-01-10T23:15:57 IST" name="screenShot" finished-at="2023-01-10T23:15:57 IST" duration-ms="0" status="PASS">
          <params>
            <param index="0">
              <value>
                <![CDATA[[TestResult name=verifyYourOrders status=SUCCESS method=TestYourAccountandOrders.verifyYourOrders()[pri:2, instance:Test.TestYourAccountandOrders@6e171cd7] output={null}]]]>
              </value>
            </param>
          </params>
          <reporter-output>
          </reporter-output>
        </test-method> <!-- screenShot -->
        <test-method is-config="true" signature="afterTest()[pri:0, instance:Test.TestYourAccountandOrders@6e171cd7]" started-at="2023-01-10T23:16:16 IST" name="afterTest" finished-at="2023-01-10T23:16:19 IST" duration-ms="2428" status="PASS">
          <reporter-output>
          </reporter-output>
        </test-method> <!-- afterTest -->
      </class> <!-- Test.TestYourAccountandOrders -->
      <class name="Test.TestCart">
        <test-method is-config="true" signature="launchBrowser(java.lang.String)[pri:0, instance:Test.TestCart@1d9b7cce]" started-at="2023-01-10T23:15:37 IST" name="launchBrowser" finished-at="2023-01-10T23:15:38 IST" duration-ms="1360" status="PASS">
          <params>
            <param index="0">
              <value>
                <![CDATA[Chrome]]>
              </value>
            </param>
          </params>
          <reporter-output>
          </reporter-output>
        </test-method> <!-- launchBrowser -->
        <test-method is-config="true" signature="createPOMObjects()[pri:0, instance:Test.TestCart@1d9b7cce]" started-at="2023-01-10T23:15:39 IST" name="createPOMObjects" finished-at="2023-01-10T23:15:39 IST" duration-ms="44" status="PASS">
          <reporter-output>
          </reporter-output>
        </test-method> <!-- createPOMObjects -->
        <test-method is-config="true" signature="openAmazonURL()[pri:0, instance:Test.TestCart@1d9b7cce]" started-at="2023-01-10T23:15:39 IST" name="openAmazonURL" finished-at="2023-01-10T23:15:43 IST" duration-ms="4159" status="PASS">
          <reporter-output>
          </reporter-output>
        </test-method> <!-- openAmazonURL -->
        <test-method signature="AddtoCart()[pri:1, instance:Test.TestCart@1d9b7cce]" started-at="2023-01-10T23:15:43 IST" name="AddtoCart" finished-at="2023-01-10T23:16:07 IST" duration-ms="23328" status="PASS">
          <reporter-output>
          </reporter-output>
        </test-method> <!-- AddtoCart -->
        <test-method is-config="true" signature="screenShot(org.testng.ITestResult)[pri:0, instance:Test.TestCart@1d9b7cce]" started-at="2023-01-10T23:16:07 IST" name="screenShot" finished-at="2023-01-10T23:16:07 IST" duration-ms="0" status="PASS">
          <params>
            <param index="0">
              <value>
                <![CDATA[[TestResult name=AddtoCart status=SUCCESS method=TestCart.AddtoCart()[pri:1, instance:Test.TestCart@1d9b7cce] output={null}]]]>
              </value>
            </param>
          </params>
          <reporter-output>
          </reporter-output>
        </test-method> <!-- screenShot -->
        <test-method is-config="true" signature="openAmazonURL()[pri:0, instance:Test.TestCart@1d9b7cce]" started-at="2023-01-10T23:16:07 IST" name="openAmazonURL" finished-at="2023-01-10T23:16:10 IST" duration-ms="3287" status="PASS">
          <reporter-output>
          </reporter-output>
        </test-method> <!-- openAmazonURL -->
        <test-method signature="RemoveFromCart()[pri:2, instance:Test.TestCart@1d9b7cce]" started-at="2023-01-10T23:16:10 IST" name="RemoveFromCart" finished-at="2023-01-10T23:16:14 IST" depends-on-methods="Test.TestCart.AddtoCart" duration-ms="3919" status="PASS">
          <reporter-output>
          </reporter-output>
        </test-method> <!-- RemoveFromCart -->
        <test-method is-config="true" signature="clearObject()[pri:0, instance:Test.TestCart@1d9b7cce]" started-at="2023-01-10T23:16:14 IST" name="clearObject" finished-at="2023-01-10T23:16:14 IST" duration-ms="0" status="PASS">
          <reporter-output>
          </reporter-output>
        </test-method> <!-- clearObject -->
        <test-method is-config="true" signature="afterTest()[pri:0, instance:Test.TestCart@1d9b7cce]" started-at="2023-01-10T23:16:14 IST" name="afterTest" finished-at="2023-01-10T23:16:16 IST" duration-ms="2487" status="PASS">
          <reporter-output>
          </reporter-output>
        </test-method> <!-- afterTest -->
        <test-method is-config="true" signature="screenShot(org.testng.ITestResult)[pri:0, instance:Test.TestCart@1d9b7cce]" started-at="2023-01-10T23:16:14 IST" name="screenShot" finished-at="2023-01-10T23:16:14 IST" duration-ms="0" status="PASS">
          <params>
            <param index="0">
              <value>
                <![CDATA[[TestResult name=RemoveFromCart status=SUCCESS method=TestCart.RemoveFromCart()[pri:2, instance:Test.TestCart@1d9b7cce] output={null}]]]>
              </value>
            </param>
          </params>
          <reporter-output>
          </reporter-output>
        </test-method> <!-- screenShot -->
      </class> <!-- Test.TestCart -->
    </test> <!-- ChromeTest -->
    <test started-at="2023-01-10T23:16:19 IST" name="EdgeTest" finished-at="2023-01-10T23:17:05 IST" duration-ms="45633">
      <class name="Test.TestYourAccountandOrders">
        <test-method is-config="true" signature="launchBrowser(java.lang.String)[pri:0, instance:Test.TestYourAccountandOrders@36bc55de]" started-at="2023-01-10T23:16:21 IST" name="launchBrowser" finished-at="2023-01-10T23:16:24 IST" duration-ms="2606" status="PASS">
          <params>
            <param index="0">
              <value>
                <![CDATA[Edge]]>
              </value>
            </param>
          </params>
          <reporter-output>
          </reporter-output>
        </test-method> <!-- launchBrowser -->
        <test-method is-config="true" signature="createPOMObjects()[pri:0, instance:Test.TestYourAccountandOrders@36bc55de]" started-at="2023-01-10T23:16:24 IST" name="createPOMObjects" finished-at="2023-01-10T23:16:24 IST" duration-ms="1" status="PASS">
          <reporter-output>
          </reporter-output>
        </test-method> <!-- createPOMObjects -->
        <test-method is-config="true" signature="openAmazonURL()[pri:0, instance:Test.TestYourAccountandOrders@36bc55de]" started-at="2023-01-10T23:16:24 IST" name="openAmazonURL" finished-at="2023-01-10T23:16:29 IST" duration-ms="5300" status="PASS">
          <reporter-output>
          </reporter-output>
        </test-method> <!-- openAmazonURL -->
        <test-method signature="verifyYourAccount()[pri:1, instance:Test.TestYourAccountandOrders@36bc55de]" started-at="2023-01-10T23:16:29 IST" name="verifyYourAccount" finished-at="2023-01-10T23:16:33 IST" duration-ms="3343" status="PASS">
          <reporter-output>
          </reporter-output>
        </test-method> <!-- verifyYourAccount -->
        <test-method is-config="true" signature="screenShot(org.testng.ITestResult)[pri:0, instance:Test.TestYourAccountandOrders@36bc55de]" started-at="2023-01-10T23:16:33 IST" name="screenShot" finished-at="2023-01-10T23:16:33 IST" duration-ms="0" status="PASS">
          <params>
            <param index="0">
              <value>
                <![CDATA[[TestResult name=verifyYourAccount status=SUCCESS method=TestYourAccountandOrders.verifyYourAccount()[pri:1, instance:Test.TestYourAccountandOrders@36bc55de] output={null}]]]>
              </value>
            </param>
          </params>
          <reporter-output>
          </reporter-output>
        </test-method> <!-- screenShot -->
        <test-method is-config="true" signature="openAmazonURL()[pri:0, instance:Test.TestYourAccountandOrders@36bc55de]" started-at="2023-01-10T23:16:33 IST" name="openAmazonURL" finished-at="2023-01-10T23:16:35 IST" duration-ms="2187" status="PASS">
          <reporter-output>
          </reporter-output>
        </test-method> <!-- openAmazonURL -->
        <test-method signature="verifyYourOrders()[pri:2, instance:Test.TestYourAccountandOrders@36bc55de]" started-at="2023-01-10T23:16:35 IST" name="verifyYourOrders" finished-at="2023-01-10T23:16:40 IST" duration-ms="5115" status="PASS">
          <reporter-output>
          </reporter-output>
        </test-method> <!-- verifyYourOrders -->
        <test-method is-config="true" signature="clearObject()[pri:0, instance:Test.TestYourAccountandOrders@36bc55de]" started-at="2023-01-10T23:16:40 IST" name="clearObject" finished-at="2023-01-10T23:16:40 IST" duration-ms="0" status="PASS">
          <reporter-output>
          </reporter-output>
        </test-method> <!-- clearObject -->
        <test-method is-config="true" signature="screenShot(org.testng.ITestResult)[pri:0, instance:Test.TestYourAccountandOrders@36bc55de]" started-at="2023-01-10T23:16:40 IST" name="screenShot" finished-at="2023-01-10T23:16:40 IST" duration-ms="0" status="PASS">
          <params>
            <param index="0">
              <value>
                <![CDATA[[TestResult name=verifyYourOrders status=SUCCESS method=TestYourAccountandOrders.verifyYourOrders()[pri:2, instance:Test.TestYourAccountandOrders@36bc55de] output={null}]]]>
              </value>
            </param>
          </params>
          <reporter-output>
          </reporter-output>
        </test-method> <!-- screenShot -->
        <test-method is-config="true" signature="afterTest()[pri:0, instance:Test.TestYourAccountandOrders@36bc55de]" started-at="2023-01-10T23:17:02 IST" name="afterTest" finished-at="2023-01-10T23:17:05 IST" duration-ms="2559" status="PASS">
          <reporter-output>
          </reporter-output>
        </test-method> <!-- afterTest -->
      </class> <!-- Test.TestYourAccountandOrders -->
      <class name="Test.TestCart">
        <test-method is-config="true" signature="launchBrowser(java.lang.String)[pri:0, instance:Test.TestCart@564fabc8]" started-at="2023-01-10T23:16:19 IST" name="launchBrowser" finished-at="2023-01-10T23:16:21 IST" duration-ms="2552" status="PASS">
          <params>
            <param index="0">
              <value>
                <![CDATA[Edge]]>
              </value>
            </param>
          </params>
          <reporter-output>
          </reporter-output>
        </test-method> <!-- launchBrowser -->
        <test-method is-config="true" signature="createPOMObjects()[pri:0, instance:Test.TestCart@564fabc8]" started-at="2023-01-10T23:16:24 IST" name="createPOMObjects" finished-at="2023-01-10T23:16:24 IST" duration-ms="3" status="PASS">
          <reporter-output>
          </reporter-output>
        </test-method> <!-- createPOMObjects -->
        <test-method is-config="true" signature="openAmazonURL()[pri:0, instance:Test.TestCart@564fabc8]" started-at="2023-01-10T23:16:24 IST" name="openAmazonURL" finished-at="2023-01-10T23:16:30 IST" duration-ms="5583" status="PASS">
          <reporter-output>
          </reporter-output>
        </test-method> <!-- openAmazonURL -->
        <test-method signature="AddtoCart()[pri:1, instance:Test.TestCart@564fabc8]" started-at="2023-01-10T23:16:30 IST" name="AddtoCart" finished-at="2023-01-10T23:16:53 IST" duration-ms="23175" status="PASS">
          <reporter-output>
          </reporter-output>
        </test-method> <!-- AddtoCart -->
        <test-method is-config="true" signature="screenShot(org.testng.ITestResult)[pri:0, instance:Test.TestCart@564fabc8]" started-at="2023-01-10T23:16:53 IST" name="screenShot" finished-at="2023-01-10T23:16:53 IST" duration-ms="0" status="PASS">
          <params>
            <param index="0">
              <value>
                <![CDATA[[TestResult name=AddtoCart status=SUCCESS method=TestCart.AddtoCart()[pri:1, instance:Test.TestCart@564fabc8] output={null}]]]>
              </value>
            </param>
          </params>
          <reporter-output>
          </reporter-output>
        </test-method> <!-- screenShot -->
        <test-method is-config="true" signature="openAmazonURL()[pri:0, instance:Test.TestCart@564fabc8]" started-at="2023-01-10T23:16:53 IST" name="openAmazonURL" finished-at="2023-01-10T23:16:56 IST" duration-ms="3403" status="PASS">
          <reporter-output>
          </reporter-output>
        </test-method> <!-- openAmazonURL -->
        <test-method signature="RemoveFromCart()[pri:2, instance:Test.TestCart@564fabc8]" started-at="2023-01-10T23:16:56 IST" name="RemoveFromCart" finished-at="2023-01-10T23:16:59 IST" depends-on-methods="Test.TestCart.AddtoCart" duration-ms="3080" status="PASS">
          <reporter-output>
          </reporter-output>
        </test-method> <!-- RemoveFromCart -->
        <test-method is-config="true" signature="afterTest()[pri:0, instance:Test.TestCart@564fabc8]" started-at="2023-01-10T23:16:59 IST" name="afterTest" finished-at="2023-01-10T23:17:02 IST" duration-ms="2637" status="PASS">
          <reporter-output>
          </reporter-output>
        </test-method> <!-- afterTest -->
        <test-method is-config="true" signature="clearObject()[pri:0, instance:Test.TestCart@564fabc8]" started-at="2023-01-10T23:16:59 IST" name="clearObject" finished-at="2023-01-10T23:16:59 IST" duration-ms="0" status="PASS">
          <reporter-output>
          </reporter-output>
        </test-method> <!-- clearObject -->
        <test-method is-config="true" signature="screenShot(org.testng.ITestResult)[pri:0, instance:Test.TestCart@564fabc8]" started-at="2023-01-10T23:16:59 IST" name="screenShot" finished-at="2023-01-10T23:16:59 IST" duration-ms="0" status="PASS">
          <params>
            <param index="0">
              <value>
                <![CDATA[[TestResult name=RemoveFromCart status=SUCCESS method=TestCart.RemoveFromCart()[pri:2, instance:Test.TestCart@564fabc8] output={null}]]]>
              </value>
            </param>
          </params>
          <reporter-output>
          </reporter-output>
        </test-method> <!-- screenShot -->
      </class> <!-- Test.TestCart -->
    </test> <!-- EdgeTest -->
  </suite> <!-- AmazonRegression -->
</testng-results>
