<?xml version="1.0" encoding="UTF-8"?>
<testng-results ignored="0" total="8" passed="8" failed="0" skipped="0">
  <reporter-output>
  </reporter-output>
  <suite started-at="2022-11-28T13:25:50 IST" name="AmazonRegression" finished-at="2022-11-28T13:27:13 IST" duration-ms="83421">
    <groups>
    </groups>
    <test started-at="2022-11-28T13:25:50 IST" name="ChromeTest" finished-at="2022-11-28T13:26:39 IST" duration-ms="48663">
      <class name="Test.TestYourAccountandOrders">
        <test-method is-config="true" signature="launchBrowser(java.lang.String)[pri:0, instance:Test.TestYourAccountandOrders@40ef3420]" started-at="2022-11-28T13:25:51 IST" name="launchBrowser" finished-at="2022-11-28T13:25:52 IST" duration-ms="918" status="PASS">
          <params>
            <param index="0">
              <value>
                <![CDATA[Chrome]]>
              </value>
            </param>
          </params>
          <reporter-output>
          </reporter-output>
        </test-method> <!-- launchBrowser -->
        <test-method is-config="true" signature="createPOMObjects()[pri:0, instance:Test.TestYourAccountandOrders@40ef3420]" started-at="2022-11-28T13:25:52 IST" name="createPOMObjects" finished-at="2022-11-28T13:25:52 IST" duration-ms="49" status="PASS">
          <reporter-output>
          </reporter-output>
        </test-method> <!-- createPOMObjects -->
        <test-method is-config="true" signature="openAmazonURL()[pri:0, instance:Test.TestYourAccountandOrders@40ef3420]" started-at="2022-11-28T13:25:52 IST" name="openAmazonURL" finished-at="2022-11-28T13:25:56 IST" duration-ms="3196" status="PASS">
          <reporter-output>
          </reporter-output>
        </test-method> <!-- openAmazonURL -->
        <test-method signature="verifyYourAccount()[pri:1, instance:Test.TestYourAccountandOrders@40ef3420]" started-at="2022-11-28T13:25:56 IST" name="verifyYourAccount" finished-at="2022-11-28T13:25:59 IST" duration-ms="3256" status="PASS">
          <reporter-output>
          </reporter-output>
        </test-method> <!-- verifyYourAccount -->
        <test-method is-config="true" signature="screenShot(org.testng.ITestResult)[pri:0, instance:Test.TestYourAccountandOrders@40ef3420]" started-at="2022-11-28T13:25:59 IST" name="screenShot" finished-at="2022-11-28T13:25:59 IST" duration-ms="8" status="PASS">
          <params>
            <param index="0">
              <value>
                <![CDATA[[TestResult name=verifyYourAccount status=SUCCESS method=TestYourAccountandOrders.verifyYourAccount()[pri:1, instance:Test.TestYourAccountandOrders@40ef3420] output={null}]]]>
              </value>
            </param>
          </params>
          <reporter-output>
          </reporter-output>
        </test-method> <!-- screenShot -->
        <test-method is-config="true" signature="openAmazonURL()[pri:0, instance:Test.TestYourAccountandOrders@40ef3420]" started-at="2022-11-28T13:25:59 IST" name="openAmazonURL" finished-at="2022-11-28T13:26:01 IST" duration-ms="1735" status="PASS">
          <reporter-output>
          </reporter-output>
        </test-method> <!-- openAmazonURL -->
        <test-method signature="verifyYourOrders()[pri:2, instance:Test.TestYourAccountandOrders@40ef3420]" started-at="2022-11-28T13:26:01 IST" name="verifyYourOrders" finished-at="2022-11-28T13:26:05 IST" duration-ms="4377" status="PASS">
          <reporter-output>
          </reporter-output>
        </test-method> <!-- verifyYourOrders -->
        <test-method is-config="true" signature="screenShot(org.testng.ITestResult)[pri:0, instance:Test.TestYourAccountandOrders@40ef3420]" started-at="2022-11-28T13:26:05 IST" name="screenShot" finished-at="2022-11-28T13:26:05 IST" duration-ms="0" status="PASS">
          <params>
            <param index="0">
              <value>
                <![CDATA[[TestResult name=verifyYourOrders status=SUCCESS method=TestYourAccountandOrders.verifyYourOrders()[pri:2, instance:Test.TestYourAccountandOrders@40ef3420] output={null}]]]>
              </value>
            </param>
          </params>
          <reporter-output>
          </reporter-output>
        </test-method> <!-- screenShot -->
        <test-method is-config="true" signature="clearObject()[pri:0, instance:Test.TestYourAccountandOrders@40ef3420]" started-at="2022-11-28T13:26:05 IST" name="clearObject" finished-at="2022-11-28T13:26:05 IST" duration-ms="0" status="PASS">
          <reporter-output>
          </reporter-output>
        </test-method> <!-- clearObject -->
        <test-method is-config="true" signature="afterTest()[pri:0, instance:Test.TestYourAccountandOrders@40ef3420]" started-at="2022-11-28T13:26:20 IST" name="afterTest" finished-at="2022-11-28T13:26:39 IST" duration-ms="18366" status="PASS">
          <reporter-output>
          </reporter-output>
        </test-method> <!-- afterTest -->
      </class> <!-- Test.TestYourAccountandOrders -->
      <class name="Test.TestCart">
        <test-method is-config="true" signature="launchBrowser(java.lang.String)[pri:0, instance:Test.TestCart@441772e]" started-at="2022-11-28T13:25:50 IST" name="launchBrowser" finished-at="2022-11-28T13:25:51 IST" duration-ms="1406" status="PASS">
          <params>
            <param index="0">
              <value>
                <![CDATA[Chrome]]>
              </value>
            </param>
          </params>
          <reporter-output>
          </reporter-output>
        </test-method> <!-- launchBrowser -->
        <test-method is-config="true" signature="createPOMObjects()[pri:0, instance:Test.TestCart@441772e]" started-at="2022-11-28T13:25:52 IST" name="createPOMObjects" finished-at="2022-11-28T13:25:52 IST" duration-ms="45" status="PASS">
          <reporter-output>
          </reporter-output>
        </test-method> <!-- createPOMObjects -->
        <test-method is-config="true" signature="openAmazonURL()[pri:0, instance:Test.TestCart@441772e]" started-at="2022-11-28T13:25:52 IST" name="openAmazonURL" finished-at="2022-11-28T13:25:55 IST" duration-ms="2660" status="PASS">
          <reporter-output>
          </reporter-output>
        </test-method> <!-- openAmazonURL -->
        <test-method signature="AddtoCart()[pri:1, instance:Test.TestCart@441772e]" started-at="2022-11-28T13:25:55 IST" name="AddtoCart" finished-at="2022-11-28T13:26:14 IST" duration-ms="18957" status="PASS">
          <reporter-output>
          </reporter-output>
        </test-method> <!-- AddtoCart -->
        <test-method is-config="true" signature="screenShot(org.testng.ITestResult)[pri:0, instance:Test.TestCart@441772e]" started-at="2022-11-28T13:26:14 IST" name="screenShot" finished-at="2022-11-28T13:26:14 IST" duration-ms="0" status="PASS">
          <params>
            <param index="0">
              <value>
                <![CDATA[[TestResult name=AddtoCart status=SUCCESS method=TestCart.AddtoCart()[pri:1, instance:Test.TestCart@441772e] output={null}]]]>
              </value>
            </param>
          </params>
          <reporter-output>
          </reporter-output>
        </test-method> <!-- screenShot -->
        <test-method is-config="true" signature="openAmazonURL()[pri:0, instance:Test.TestCart@441772e]" started-at="2022-11-28T13:26:14 IST" name="openAmazonURL" finished-at="2022-11-28T13:26:15 IST" duration-ms="1294" status="PASS">
          <reporter-output>
          </reporter-output>
        </test-method> <!-- openAmazonURL -->
        <test-method signature="RemoveFromCart()[pri:2, instance:Test.TestCart@441772e]" started-at="2022-11-28T13:26:15 IST" name="RemoveFromCart" finished-at="2022-11-28T13:26:18 IST" depends-on-methods="Test.TestCart.AddtoCart" duration-ms="2309" status="PASS">
          <reporter-output>
          </reporter-output>
        </test-method> <!-- RemoveFromCart -->
        <test-method is-config="true" signature="clearObject()[pri:0, instance:Test.TestCart@441772e]" started-at="2022-11-28T13:26:18 IST" name="clearObject" finished-at="2022-11-28T13:26:18 IST" duration-ms="0" status="PASS">
          <reporter-output>
          </reporter-output>
        </test-method> <!-- clearObject -->
        <test-method is-config="true" signature="screenShot(org.testng.ITestResult)[pri:0, instance:Test.TestCart@441772e]" started-at="2022-11-28T13:26:18 IST" name="screenShot" finished-at="2022-11-28T13:26:18 IST" duration-ms="0" status="PASS">
          <params>
            <param index="0">
              <value>
                <![CDATA[[TestResult name=RemoveFromCart status=SUCCESS method=TestCart.RemoveFromCart()[pri:2, instance:Test.TestCart@441772e] output={null}]]]>
              </value>
            </param>
          </params>
          <reporter-output>
          </reporter-output>
        </test-method> <!-- screenShot -->
        <test-method is-config="true" signature="afterTest()[pri:0, instance:Test.TestCart@441772e]" started-at="2022-11-28T13:26:18 IST" name="afterTest" finished-at="2022-11-28T13:26:20 IST" duration-ms="2652" status="PASS">
          <reporter-output>
          </reporter-output>
        </test-method> <!-- afterTest -->
      </class> <!-- Test.TestCart -->
    </test> <!-- ChromeTest -->
    <test started-at="2022-11-28T13:26:39 IST" name="EdgeTest" finished-at="2022-11-28T13:27:13 IST" duration-ms="34732">
      <class name="Test.TestYourAccountandOrders">
        <test-method is-config="true" signature="launchBrowser(java.lang.String)[pri:0, instance:Test.TestYourAccountandOrders@7e07db1f]" started-at="2022-11-28T13:26:40 IST" name="launchBrowser" finished-at="2022-11-28T13:26:42 IST" duration-ms="2844" status="PASS">
          <params>
            <param index="0">
              <value>
                <![CDATA[Edge]]>
              </value>
            </param>
          </params>
          <reporter-output>
          </reporter-output>
        </test-method> <!-- launchBrowser -->
        <test-method is-config="true" signature="createPOMObjects()[pri:0, instance:Test.TestYourAccountandOrders@7e07db1f]" started-at="2022-11-28T13:26:42 IST" name="createPOMObjects" finished-at="2022-11-28T13:26:42 IST" duration-ms="3" status="PASS">
          <reporter-output>
          </reporter-output>
        </test-method> <!-- createPOMObjects -->
        <test-method is-config="true" signature="openAmazonURL()[pri:0, instance:Test.TestYourAccountandOrders@7e07db1f]" started-at="2022-11-28T13:26:42 IST" name="openAmazonURL" finished-at="2022-11-28T13:26:45 IST" duration-ms="3054" status="PASS">
          <reporter-output>
          </reporter-output>
        </test-method> <!-- openAmazonURL -->
        <test-method signature="verifyYourAccount()[pri:1, instance:Test.TestYourAccountandOrders@7e07db1f]" started-at="2022-11-28T13:26:45 IST" name="verifyYourAccount" finished-at="2022-11-28T13:26:49 IST" duration-ms="3527" status="PASS">
          <reporter-output>
          </reporter-output>
        </test-method> <!-- verifyYourAccount -->
        <test-method is-config="true" signature="openAmazonURL()[pri:0, instance:Test.TestYourAccountandOrders@7e07db1f]" started-at="2022-11-28T13:26:49 IST" name="openAmazonURL" finished-at="2022-11-28T13:26:51 IST" duration-ms="2141" status="PASS">
          <reporter-output>
          </reporter-output>
        </test-method> <!-- openAmazonURL -->
        <test-method is-config="true" signature="screenShot(org.testng.ITestResult)[pri:0, instance:Test.TestYourAccountandOrders@7e07db1f]" started-at="2022-11-28T13:26:49 IST" name="screenShot" finished-at="2022-11-28T13:26:49 IST" duration-ms="0" status="PASS">
          <params>
            <param index="0">
              <value>
                <![CDATA[[TestResult name=verifyYourAccount status=SUCCESS method=TestYourAccountandOrders.verifyYourAccount()[pri:1, instance:Test.TestYourAccountandOrders@7e07db1f] output={null}]]]>
              </value>
            </param>
          </params>
          <reporter-output>
          </reporter-output>
        </test-method> <!-- screenShot -->
        <test-method signature="verifyYourOrders()[pri:2, instance:Test.TestYourAccountandOrders@7e07db1f]" started-at="2022-11-28T13:26:51 IST" name="verifyYourOrders" finished-at="2022-11-28T13:26:56 IST" duration-ms="4510" status="PASS">
          <reporter-output>
          </reporter-output>
        </test-method> <!-- verifyYourOrders -->
        <test-method is-config="true" signature="clearObject()[pri:0, instance:Test.TestYourAccountandOrders@7e07db1f]" started-at="2022-11-28T13:26:56 IST" name="clearObject" finished-at="2022-11-28T13:26:56 IST" duration-ms="0" status="PASS">
          <reporter-output>
          </reporter-output>
        </test-method> <!-- clearObject -->
        <test-method is-config="true" signature="screenShot(org.testng.ITestResult)[pri:0, instance:Test.TestYourAccountandOrders@7e07db1f]" started-at="2022-11-28T13:26:56 IST" name="screenShot" finished-at="2022-11-28T13:26:56 IST" duration-ms="0" status="PASS">
          <params>
            <param index="0">
              <value>
                <![CDATA[[TestResult name=verifyYourOrders status=SUCCESS method=TestYourAccountandOrders.verifyYourOrders()[pri:2, instance:Test.TestYourAccountandOrders@7e07db1f] output={null}]]]>
              </value>
            </param>
          </params>
          <reporter-output>
          </reporter-output>
        </test-method> <!-- screenShot -->
        <test-method is-config="true" signature="afterTest()[pri:0, instance:Test.TestYourAccountandOrders@7e07db1f]" started-at="2022-11-28T13:27:11 IST" name="afterTest" finished-at="2022-11-28T13:27:13 IST" duration-ms="2549" status="PASS">
          <reporter-output>
          </reporter-output>
        </test-method> <!-- afterTest -->
      </class> <!-- Test.TestYourAccountandOrders -->
      <class name="Test.TestCart">
        <test-method is-config="true" signature="launchBrowser(java.lang.String)[pri:0, instance:Test.TestCart@1189dd52]" started-at="2022-11-28T13:26:39 IST" name="launchBrowser" finished-at="2022-11-28T13:26:40 IST" duration-ms="851" status="PASS">
          <params>
            <param index="0">
              <value>
                <![CDATA[Edge]]>
              </value>
            </param>
          </params>
          <reporter-output>
          </reporter-output>
        </test-method> <!-- launchBrowser -->
        <test-method is-config="true" signature="createPOMObjects()[pri:0, instance:Test.TestCart@1189dd52]" started-at="2022-11-28T13:26:42 IST" name="createPOMObjects" finished-at="2022-11-28T13:26:42 IST" duration-ms="3" status="PASS">
          <reporter-output>
          </reporter-output>
        </test-method> <!-- createPOMObjects -->
        <test-method is-config="true" signature="openAmazonURL()[pri:0, instance:Test.TestCart@1189dd52]" started-at="2022-11-28T13:26:42 IST" name="openAmazonURL" finished-at="2022-11-28T13:26:46 IST" duration-ms="3094" status="PASS">
          <reporter-output>
          </reporter-output>
        </test-method> <!-- openAmazonURL -->
        <test-method signature="AddtoCart()[pri:1, instance:Test.TestCart@1189dd52]" started-at="2022-11-28T13:26:46 IST" name="AddtoCart" finished-at="2022-11-28T13:27:04 IST" duration-ms="18470" status="PASS">
          <reporter-output>
          </reporter-output>
        </test-method> <!-- AddtoCart -->
        <test-method is-config="true" signature="screenShot(org.testng.ITestResult)[pri:0, instance:Test.TestCart@1189dd52]" started-at="2022-11-28T13:27:04 IST" name="screenShot" finished-at="2022-11-28T13:27:04 IST" duration-ms="0" status="PASS">
          <params>
            <param index="0">
              <value>
                <![CDATA[[TestResult name=AddtoCart status=SUCCESS method=TestCart.AddtoCart()[pri:1, instance:Test.TestCart@1189dd52] output={null}]]]>
              </value>
            </param>
          </params>
          <reporter-output>
          </reporter-output>
        </test-method> <!-- screenShot -->
        <test-method is-config="true" signature="openAmazonURL()[pri:0, instance:Test.TestCart@1189dd52]" started-at="2022-11-28T13:27:04 IST" name="openAmazonURL" finished-at="2022-11-28T13:27:06 IST" duration-ms="1710" status="PASS">
          <reporter-output>
          </reporter-output>
        </test-method> <!-- openAmazonURL -->
        <test-method signature="RemoveFromCart()[pri:2, instance:Test.TestCart@1189dd52]" started-at="2022-11-28T13:27:06 IST" name="RemoveFromCart" finished-at="2022-11-28T13:27:08 IST" depends-on-methods="Test.TestCart.AddtoCart" duration-ms="2501" status="PASS">
          <reporter-output>
          </reporter-output>
        </test-method> <!-- RemoveFromCart -->
        <test-method is-config="true" signature="afterTest()[pri:0, instance:Test.TestCart@1189dd52]" started-at="2022-11-28T13:27:08 IST" name="afterTest" finished-at="2022-11-28T13:27:11 IST" duration-ms="2702" status="PASS">
          <reporter-output>
          </reporter-output>
        </test-method> <!-- afterTest -->
        <test-method is-config="true" signature="screenShot(org.testng.ITestResult)[pri:0, instance:Test.TestCart@1189dd52]" started-at="2022-11-28T13:27:08 IST" name="screenShot" finished-at="2022-11-28T13:27:08 IST" duration-ms="0" status="PASS">
          <params>
            <param index="0">
              <value>
                <![CDATA[[TestResult name=RemoveFromCart status=SUCCESS method=TestCart.RemoveFromCart()[pri:2, instance:Test.TestCart@1189dd52] output={null}]]]>
              </value>
            </param>
          </params>
          <reporter-output>
          </reporter-output>
        </test-method> <!-- screenShot -->
        <test-method is-config="true" signature="clearObject()[pri:0, instance:Test.TestCart@1189dd52]" started-at="2022-11-28T13:27:08 IST" name="clearObject" finished-at="2022-11-28T13:27:08 IST" duration-ms="0" status="PASS">
          <reporter-output>
          </reporter-output>
        </test-method> <!-- clearObject -->
      </class> <!-- Test.TestCart -->
    </test> <!-- EdgeTest -->
  </suite> <!-- AmazonRegression -->
</testng-results>
